<?xml version="1.0" encoding="UTF-8"?>
<!-- Generated by org.testng.reporters.JUnitReportReporter -->
<testsuite hostname="Yazan-Alzaatreh" failures="0" tests="1" name="MyTestCases" time="10.583" errors="0" timestamp="2024-03-07T22:55:44 EET" skipped="0">
  <testcase classname="MyTestCases" name="CheckTheWebSiteTitle" time="10.583"/>
  <system-out/>
</testsuite> <!-- MyTestCases -->
